<?xml version="1.0" encoding="UTF-8"?>
<!-- Generated by org.testng.reporters.JUnitReportReporter -->
<testsuite skipped="0" hostname="DESKTOP-G7F29CC" name="Test.FuncTest3" tests="4" failures="0" timestamp="2019-10-03T10:51:37 IST" time="0.000" errors="0">
  <testcase name="sum" time="0.000" classname="Test.FuncTest3"/>
  <testcase name="division" time="0.000" classname="Test.FuncTest3"/>
  <testcase name="difference" time="0.000" classname="Test.FuncTest3"/>
  <testcase name="multiplication" time="0.000" classname="Test.FuncTest3"/>
</testsuite> <!-- Test.FuncTest3 -->
