<?xml version="1.0" encoding="UTF-8"?>
<!-- Generated by org.testng.reporters.JUnitReportReporter -->
<testsuite skipped="0" hostname="DESKTOP-G7F29CC" name="Test.FuncTest1" tests="4" failures="0" timestamp="2019-10-28T13:44:41 IST" time="0.009" errors="0">
  <testcase name="multiplication" time="0.000" classname="Test.FuncTest1"/>
  <testcase name="difference" time="0.009" classname="Test.FuncTest1"/>
  <testcase name="sum" time="0.000" classname="Test.FuncTest1"/>
  <testcase name="division" time="0.000" classname="Test.FuncTest1"/>
</testsuite> <!-- Test.FuncTest1 -->
